[ERROR 2019-12-29T21:30:22.436 WECHAT ] 获取微信access_token报错 | { errcode: 40013,
  errmsg: 'invalid appid hint: [pji4TA0285e535]' }
[ERROR 2019-12-29T21:30:22.569 WECHAT ] 内容安全校验不通过: | qqqq
[ERROR 2019-12-29T21:30:58.713 WECHAT ] 获取微信access_token报错 | { errcode: 40013,
  errmsg: 'invalid appid hint: [sLjDgA0321e264]' }
[ERROR 2019-12-29T21:30:58.837 WECHAT ] 内容安全校验不通过: | qqq
[ERROR 2019-12-29T21:31:32.285 WECHAT ] 获取微信access_token报错 | { errcode: 40013,
  errmsg: 'invalid appid hint: [EqsDEA0355e535]' }
[ERROR 2019-12-29T21:31:32.413 WECHAT ] 内容安全校验不通过: | 我是人
[ERROR 2019-12-29T21:51:38.983 WECHAT ] 获取微信access_token报错 | { errcode: 40013, errmsg: 'invalid appid hint: [h05611533]' }
[ERROR 2019-12-29T21:51:39.102 WECHAT ] 内容安全校验不通过: | 
[ERROR 2019-12-29T21:52:03.150 WECHAT ] 获取微信access_token报错 | { errcode: 40013, errmsg: 'invalid appid hint: [p0586sha8]' }
[ERROR 2019-12-29T21:52:03.265 WECHAT ] 内容安全校验不通过: | 
[ERROR 2019-12-29T21:52:30.829 WECHAT ] 获取微信access_token报错 | { errcode: 40013,
  errmsg: 'invalid appid hint: [axK2va06138162]' }
[ERROR 2019-12-29T21:52:30.944 WECHAT ] 内容安全校验不通过: | 
[ERROR 2019-12-29T21:53:06.210 WECHAT ] 获取微信access_token报错 | { errcode: 40013,
  errmsg: 'invalid appid hint: [7ypwQa0649ha64]' }
[ERROR 2019-12-29T21:53:06.320 WECHAT ] 内容安全校验不通过: | 
[ERROR 2019-12-29T21:53:45.074 WECHAT ] 获取微信access_token报错 | { errcode: 40013, errmsg: 'invalid appid hint: [L8f40688e668]' }
[ERROR 2019-12-29T21:53:45.215 WECHAT ] 内容安全校验不通过: | 
[ERROR 2019-12-29T21:54:06.800 WECHAT ] 获取微信access_token报错 | { errcode: 40013,
  errmsg: 'invalid appid hint: [RzSsmA0709sha8]' }
[ERROR 2019-12-29T21:54:06.917 WECHAT ] 内容安全校验不通过: | 
[ERROR 2019-12-29T22:06:20.086 WECHAT ] 获取微信access_token报错 | { errcode: 40013,
  errmsg: 'invalid appid hint: [O2PM_a0443e668]' }
[ERROR 2019-12-29T22:06:20.226 WECHAT ] 内容安全校验不通过: | QQ群
[ERROR 2019-12-29T22:07:19.668 WECHAT ] 获取微信access_token报错 | { errcode: 40013,
  errmsg: 'invalid appid hint: [IOI1nA05024731]' }
[ERROR 2019-12-29T22:07:19.783 WECHAT ] 内容安全校验不通过: | 请求
